<?xml version="1.0" encoding="UTF-8"?>
<testsuite name="Proceso de Compras." tests="1" skipped="0" failures="0" errors="0" timestamp="2021-12-15T04:30:53" hostname="DESKTOP-AE2C8U2" time="30.043">
  <properties/>
  <testcase name="Realizar compra de productos." classname="Proceso de Compras." time="30.043"/>
  <system-out><![CDATA[
@e2e
Escenario: Realizar compra de productos.                         # src/test/resources/features/Compra/compra_de_productos.feature:9
Feature from file:///C:/Users/Guerrerro/Desktop/NewExperience/src/test/resources/features/Compra/compra_de_productos.feature
Step argument class io.cucumber.core.gherkin.vintage.GherkinVintageDataTableArgument
  Dado que liseth inicia sesion correctamente                    # co.com.automatizacion.newexperience.stepdefinitions.CompraDeProductosStepDefinitions.queLisethIniciaSesion(java.util.List<co.com.automatizacion.newexperience.model.Usuario>)
Step argument class io.cucumber.core.gherkin.vintage.GherkinVintageDataTableArgument
  Cuando agrega productos al carrito                             # co.com.automatizacion.newexperience.stepdefinitions.CompraDeProductosStepDefinitions.agregaProductosAlCarrito(java.util.List<co.com.automatizacion.newexperience.model.Prenda>)
  Y realiza el proceso de compras                                # co.com.automatizacion.newexperience.stepdefinitions.CompraDeProductosStepDefinitions.realizaElProcesoDeCompras()
  Entonces liseth puede visualizar que su pedido esta completado # co.com.automatizacion.newexperience.stepdefinitions.CompraDeProductosStepDefinitions.lisethPuedeVisualizaElDetalleYEstadoDeSuPedido()
  Y vissualiza el precio total a pagar                           # co.com.automatizacion.newexperience.stepdefinitions.CompraDeProductosStepDefinitions.vissualizaElPrecioTotalAPagar()
]]></system-out>
  <system-err><![CDATA[[Test worker] INFO  - 
 _____ _____ ____ _____   ____ _____  _    ____ _____ _____ ____  
|_   _| ____/ ___|_   _| / ___|_   _|/ \  |  _ \_   _| ____|  _ \ 
  | | |  _| \___ \ | |   \___ \ | | / _ \ | |_) || | |  _| | | | |
  | | | |___ ___) || |    ___) || |/ ___ \|  _ < | | | |___| |_| |
  |_| |_____|____/ |_|   |____/ |_/_/   \_\_| \_\|_| |_____|____/ 

Realizar compra de productos.(proceso-de-compras.;realizar-compra-de-productos.)
-------------------------------------------------------------------
[Test worker] INFO net.serenitybdd.core.webdriver.driverproviders.ProvideNewDriver - Instantiating driver
[Test worker] INFO net.serenitybdd.core.webdriver.driverproviders.ProvideNewDriver - Driver capabilities: Capabilities {acceptInsecureCerts: false, browserName: chrome, chrome.switches: --start-maximized, --incogn..., goog:chromeOptions: {args: [--start-maximized, --incognito, --disable-popup-blocking, --test-type, --ignore-certificate-errors, --sync-allow-insecure-xmpp-..., --disable-translate-new-ux, --always-authorize-plugins, --disable-extensions], extensions: []}, loggingPrefs: org.openqa.selenium.logging...}
Starting ChromeDriver 96.0.4664.45 (76e4c1bb2ab4671b8beba3444e61c0f17584b2fc-refs/branch-heads/4664@{#947}) on port 13838
Only local connections are allowed.
Please see https://chromedriver.chromium.org/security-considerations for suggestions on keeping ChromeDriver safe.
ChromeDriver was started successfully.
dic 14, 2021 11:30:56 PM org.openqa.selenium.remote.ProtocolHandshake createSession
INFORMACIÓN: Detected dialect: W3C
[Test worker] INFO  - 
        __    _____ _____ ____ _____   ____   _    ____  ____  _____ ____  
  _     \ \  |_   _| ____/ ___|_   _| |  _ \ / \  / ___|/ ___|| ____|  _ \ 
 (_)_____| |   | | |  _| \___ \ | |   | |_) / _ \ \___ \\___ \|  _| | | | |
  _|_____| |   | | | |___ ___) || |   |  __/ ___ \ ___) |___) | |___| |_| |
 (_)     | |   |_| |_____|____/ |_|   |_| /_/   \_\____/|____/|_____|____/ 
        /_/                                                                

Realizar compra de productos.
----------------------------------------------------------------------------
]]></system-err>
</testsuite>
